<?xml version="1.0" encoding="UTF-8"?>
<testsuite xmlns:xsi="http://www.w3.org/2001/XMLSchema-instance" xsi:noNamespaceSchemaLocation="https://maven.apache.org/surefire/maven-surefire-plugin/xsd/surefire-test-report.xsd" name="org.example.AppTest" time="0.07" tests="1" errors="0" skipped="0" failures="0">
  <properties>
    <property name="java.specification.version" value="14"/>
    <property name="sun.cpu.isalist" value="amd64"/>
    <property name="sun.jnu.encoding" value="MS949"/>
    <property name="java.class.path" value="C:\Users\NB1\Desktop\PROGRAM\GitWorkSpace\Programmers_Devcourse\Programmers_Devcourse_Lab\Week3\maven_test\maven_test\target\test-classes;C:\Users\NB1\Desktop\PROGRAM\GitWorkSpace\Programmers_Devcourse\Programmers_Devcourse_Lab\Week3\maven_test\maven_test\target\classes;C:\Users\NB1\.m2\repository\junit\junit\4.11\junit-4.11.jar;C:\Users\NB1\.m2\repository\org\hamcrest\hamcrest-core\1.3\hamcrest-core-1.3.jar;"/>
    <property name="java.vm.vendor" value="Oracle Corporation"/>
    <property name="sun.arch.data.model" value="64"/>
    <property name="user.variant" value=""/>
    <property name="java.vendor.url" value="https://java.oracle.com/"/>
    <property name="user.timezone" value="Asia/Seoul"/>
    <property name="os.name" value="Windows 10"/>
    <property name="java.vm.specification.version" value="14"/>
    <property name="sun.java.launcher" value="SUN_STANDARD"/>
    <property name="user.country" value="KR"/>
    <property name="sun.boot.library.path" value="D:\jdk-14.0.2\bin"/>
    <property name="sun.java.command" value="C:\Users\NB1\AppData\Local\Temp\surefire1562267645402034864\surefirebooter16485201714968952124.jar C:\Users\NB1\AppData\Local\Temp\surefire1562267645402034864 2021-08-15T23-15-48_555-jvmRun1 surefire7741911849290171956tmp surefire_015932032784011283584tmp"/>
    <property name="jdk.debug" value="release"/>
    <property name="surefire.test.class.path" value="C:\Users\NB1\Desktop\PROGRAM\GitWorkSpace\Programmers_Devcourse\Programmers_Devcourse_Lab\Week3\maven_test\maven_test\target\test-classes;C:\Users\NB1\Desktop\PROGRAM\GitWorkSpace\Programmers_Devcourse\Programmers_Devcourse_Lab\Week3\maven_test\maven_test\target\classes;C:\Users\NB1\.m2\repository\junit\junit\4.11\junit-4.11.jar;C:\Users\NB1\.m2\repository\org\hamcrest\hamcrest-core\1.3\hamcrest-core-1.3.jar;"/>
    <property name="sun.cpu.endian" value="little"/>
    <property name="user.home" value="C:\Users\NB1"/>
    <property name="user.language" value="ko"/>
    <property name="java.specification.vendor" value="Oracle Corporation"/>
    <property name="java.version.date" value="2020-07-14"/>
    <property name="java.home" value="D:\jdk-14.0.2"/>
    <property name="file.separator" value="\"/>
    <property name="basedir" value="C:\Users\NB1\Desktop\PROGRAM\GitWorkSpace\Programmers_Devcourse\Programmers_Devcourse_Lab\Week3\maven_test\maven_test"/>
    <property name="java.vm.compressedOopsMode" value="Zero based"/>
    <property name="line.separator" value="&#10;"/>
    <property name="java.vm.specification.vendor" value="Oracle Corporation"/>
    <property name="java.specification.name" value="Java Platform API Specification"/>
    <property name="surefire.real.class.path" value="C:\Users\NB1\AppData\Local\Temp\surefire1562267645402034864\surefirebooter16485201714968952124.jar"/>
    <property name="user.script" value=""/>
    <property name="sun.management.compiler" value="HotSpot 64-Bit Tiered Compilers"/>
    <property name="java.runtime.version" value="14.0.2+12-46"/>
    <property name="user.name" value="NB1"/>
    <property name="path.separator" value=";"/>
    <property name="os.version" value="10.0"/>
    <property name="java.runtime.name" value="OpenJDK Runtime Environment"/>
    <property name="file.encoding" value="MS949"/>
    <property name="java.vm.name" value="OpenJDK 64-Bit Server VM"/>
    <property name="localRepository" value="C:\Users\NB1\.m2\repository"/>
    <property name="java.vendor.url.bug" value="https://bugreport.java.com/bugreport/"/>
    <property name="java.io.tmpdir" value="C:\Users\NB1\AppData\Local\Temp\"/>
    <property name="idea.version" value="2021.2"/>
    <property name="java.version" value="14.0.2"/>
    <property name="user.dir" value="C:\Users\NB1\Desktop\PROGRAM\GitWorkSpace\Programmers_Devcourse\Programmers_Devcourse_Lab\Week3\maven_test\maven_test"/>
    <property name="os.arch" value="amd64"/>
    <property name="java.vm.specification.name" value="Java Virtual Machine Specification"/>
    <property name="sun.os.patch.level" value=""/>
    <property name="java.library.path" value="D:\jdk-14.0.2\bin;C:\WINDOWS\Sun\Java\bin;C:\WINDOWS\system32;C:\WINDOWS;C:\windows\system32;C:\windows;C:\windows\System32\Wbem;C:\windows\System32\WindowsPowerShell\v1.0\;C:\windows\System32\OpenSSH\;C:\Program Files (x86)\NVIDIA Corporation\PhysX\Common;C:\Program Files\Intel\WiFi\bin\;C:\Program Files\Common Files\Intel\WirelessCommon\;C:\Program Files (x86)\Intel\Intel(R) Management Engine Components\DAL;C:\Program Files\Intel\Intel(R) Management Engine Components\DAL;C:\WINDOWS\system32;C:\WINDOWS;C:\WINDOWS\System32\Wbem;C:\WINDOWS\System32\WindowsPowerShell\v1.0\;C:\WINDOWS\System32\OpenSSH\;D:\mysql-8.0.19-winx64\bin;D:\jdk-14.0.2\bin;C:\Program Files\dotnet\;D:\Git\cmd;C:\Program Files\Git LFS;C:\Program Files\MATLAB\R2020b\bin;C:\Program Files\nodejs\;C:\Program Files\Docker\Docker\resources\bin;C:\ProgramData\DockerDesktop\version-bin;C:\Ruby27-x64\bin;C:\Users\NB1\AppData\Local\Programs\Python\Python39\Scripts\;C:\Users\NB1\AppData\Local\Programs\Python\Python39\;C:\Users\NB1\AppData\Local\Programs\Python\Python38-32\Scripts\;C:\Users\NB1\AppData\Local\Programs\Python\Python38-32\;C:\Python38\Scripts\;C:\Python38\;C:\Users\NB1\AppData\Local\Microsoft\WindowsApps;C:\Users\NB1\AppData\Local\atom\bin;C:\Program Files\Bandizip\;C:\Users\NB1\AppData\Local\Programs\Microsoft VS Code\bin;C:\Users\NB1\AppData\Local\GitHubDesktop\bin;C:\Users\NB1\AppData\Local\gitkraken\bin;C:\Users\NB1\AppData\Roaming\npm;C:\Program Files\heroku\bin;C:\Program Files\JetBrains\IntelliJ IDEA 2021.2\bin;;C:\gradle-7.1.1\bin;;."/>
    <property name="java.vm.info" value="mixed mode, sharing"/>
    <property name="java.vendor" value="Oracle Corporation"/>
    <property name="java.vm.version" value="14.0.2+12-46"/>
    <property name="sun.io.unicode.encoding" value="UnicodeLittle"/>
    <property name="java.class.version" value="58.0"/>
  </properties>
  <testcase name="shouldAnswerWithTrue" classname="org.example.AppTest" time="0.003"/>
</testsuite>